<?xml version="1.0" encoding="UTF-8"?>
<!-- Generated by org.testng.reporters.JUnitReportReporter -->
<testsuite hostname="DESKTOP-09J3AE7" failures="0" tests="2" name="com.crm.qa.testclass.LoginTest" time="13.358" errors="0" timestamp="2021-05-27T23:31:47 IST" skipped="0">
  <testcase classname="com.crm.qa.testclass.LoginTest" name="RefreshPage" time="0.105"/>
  <system-out>
    <![CDATA[Refresh Start
Refresh End]]>
  </system-out>
  <testcase classname="com.crm.qa.testclass.LoginTest" name="login" time="13.253"/>
  <system-out>
    <![CDATA[Enter Cred
Submit]]>
  </system-out>
</testsuite> <!-- com.crm.qa.testclass.LoginTest -->
